BUILD: Computing Include file dependencies:
BUILD: Examining c:\winddk\6001.17051\src\input\layout\all_kbds\kbdneo2 directory for files to compile.
skipping post pass 0 command
Compiling c:\winddk\6001.17051\src\input\layout\all_kbds\kbdneo2 *************
'nmake.exe /nologo BUILDMSG=Stop. -i BUILD_PASS=PASS1 NOLINK=1 NOPASS0=1 MAKEDIR_RELATIVE_TO_BASEDIR=src\input\layout\all_kbds\kbdneo2'
BUILDMSG: _NT_TARGET_VERSION SET TO WINXP
 cl.exe @c:\winddk\6001.17051\src\input\layout\all_kbds\kbdneo2\objchk_wxp_x86\i386\cl.rsp
Microsoft (R) 32-bit C/C++ Optimizing Compiler Version 14.00.50727.278 for 80x86
Copyright (C) Microsoft Corporation.  All rights reserved.
cl /Fo"c:\winddk\6001.17051\src\input\layout\all_kbds\kbdneo2\objchk_wxp_x86\i386/"
 /FC
 /Ii386
 /I.
 /I..\..\inc
 /Ic:\winddk\6001.17051\src\input\layout\all_kbds\kbdneo2\objchk_wxp_x86\i386
 /IC:\WinDDK\6001.17051\inc\api
 /IC:\WinDDK\6001.17051\inc\api
 /IC:\WinDDK\6001.17051\inc\crt
 /D_X86_=1
 /Di386=1
 /DSTD_CALL
 /DCONDITION_HANDLING=1
 /DNT_INST=0
 /DWIN32=100
 /D_NT1X_=100
 /DWINNT=1
 /D_WIN32_WINNT=0x0501
 /DWINVER=0x0501
 /D_WIN32_IE=0x0603
 /DWIN32_LEAN_AND_MEAN=1
 /DDEVL=1
 /DDBG=1
 /D__BUILDMACHINE__=WinDDK
 /DFPO=0
 /DNDEBUG
 /DDEPRECATE_DDK_FUNCTIONS=1
 /DMSC_NOOPT
 /DNTDDI_VERSION=0x05010200
 /c
 /Zc:wchar_t-
 /Zl
 /Zp8
 /Gy
 /Gm-
 /W3
 /Gz
 /hotpatch
 /EHs-c-
 /GR-
 /GF
 /GS-
 /Zi
 /Od
 /Oi
 /Oy-
 /Zi
 /Fdc:\winddk\6001.17051\src\input\layout\all_kbds\kbdneo2\objchk_wxp_x86\i386\
 /DKMDF_MAJOR_VERSION=01
 /DKMDF_MINOR_VERSION=007
 /FIC:\WinDDK\6001.17051\inc\api\warning.h
 .\kbdneo2.c 
kbdneo2.c
 link.exe /lib /out:c:\winddk\6001.17051\src\input\layout\all_kbds\kbdneo2\objchk_wxp_x86\i386\kbdneo2.lib @c:\winddk\6001.17051\src\input\layout\all_kbds\kbdneo2\objchk_wxp_x86\i386\lib.rsp
Microsoft (R) Library Manager Version 8.00.50727.278
Copyright (C) Microsoft Corporation.  All rights reserved.
/IGNORE:4198,4010,4037,4039,4065,4070,4078,4087,4089,4221 
/WX 
/nodefaultlib 
/machine:ix86 
/def:kbdneo2.def 
c:\winddk\6001.17051\src\input\layout\all_kbds\kbdneo2\objchk_wxp_x86\i386\kbdneo2.obj 
 Creating library c:\winddk\6001.17051\src\input\layout\all_kbds\kbdneo2\objchk_wxp_x86\i386\kbdneo2.lib and object c:\winddk\6001.17051\src\input\layout\all_kbds\kbdneo2\objchk_wxp_x86\i386\kbdneo2.exp
Linking for c:\winddk\6001.17051\src\input\layout\all_kbds\kbdneo2 *************
'nmake.exe /nologo BUILDMSG=Stop. -i BUILD_PASS=PASS2 LINKONLY=1 NOPASS0=1 MAKEDLL=1 MAKEDIR_RELATIVE_TO_BASEDIR=src\input\layout\all_kbds\kbdneo2'
BUILDMSG: _NT_TARGET_VERSION SET TO WINXP
 rc -l 409 -DSXS_PROCESSOR_ARCHITECTURE="""x86"""  -DSXS_TARGET="""kbdneo2.dll"""   -DSYSTEM_COMPATIBLE_ASSEMBLY_NAME="""Microsoft.Windows.SystemCompatible"""  -DLSYSTEM_COMPATIBLE_ASSEMBLY_NAME=L"""Microsoft.Windows.SystemCompatible"""   -DSXS_ASSEMBLY_VERSION=""""""  /r /fo c:\winddk\6001.17051\src\input\layout\all_kbds\kbdneo2\objchk_wxp_x86\i386\kbdneo2.res /D_X86_=1 /Di386=1  /DSTD_CALL /DCONDITION_HANDLING=1   /DNT_INST=0 /DWIN32=100 /D_NT1X_=100 /DWINNT=1 /D_WIN32_WINNT=0x0501 /DWINVER=0x0501 /D_WIN32_IE=0x0603    /DWIN32_LEAN_AND_MEAN=1  /DDEVL=1 /DDBG=1 /D__BUILDMACHINE__=WinDDK /DFPO=0   /DNDEBUG  /DDEPRECATE_DDK_FUNCTIONS=1 /DMSC_NOOPT /DNTDDI_VERSION=0x05010200   /I..\..\inc /Ic:\winddk\6001.17051\src\input\layout\all_kbds\kbdneo2\objchk_wxp_x86\i386 /IC:\WinDDK\6001.17051\inc\api /IC:\WinDDK\6001.17051\inc\api /IC:\WinDDK\6001.17051\inc\crt .\kbdneo2.rc
Microsoft (R) Windows (R) Resource Compiler Version 6.0.5724.0
Copyright (C) Microsoft Corporation.  All rights reserved.
 link.exe /out:c:\winddk\6001.17051\src\input\layout\all_kbds\kbdneo2\objchk_wxp_x86\i386\kbdneo2.dll /machine:ix86 @c:\winddk\6001.17051\src\input\layout\all_kbds\kbdneo2\objchk_wxp_x86\i386\lnk.rsp
Microsoft (R) Incremental Linker Version 8.00.50727.278
Copyright (C) Microsoft Corporation.  All rights reserved.
-merge:.edata=.data 
-merge:.rdata=.data 
-merge:.text=.data 
-merge:.bss=.data 
-section:.data,re 
/ignore:4254 
/MERGE:_PAGE=PAGE 
/MERGE:_TEXT=.text 
/SECTION:INIT,d 
/OPT:REF 
/OPT:ICF 
/IGNORE:4198,4010,4037,4039,4065,4070,4078,4087,4089,4221 
/INCREMENTAL:NO 
/release 
/NODEFAULTLIB 
/WX 
/debug 
/debugtype:cv,fixup,pdata 
/version:6.0 
/osversion:6.0 
/functionpadmin:5 
/safeseh 
/opt:nowin98 
/nxcompat 
/pdbcompress 
/dynamicbase 
/STACK:0x40000,0x1000 
/dll 
/base:@C:\WinDDK\6001.17051\bin\coffbase.txt,kbdneo2 
/subsystem:native,5.01 
/noentry 
c:\winddk\6001.17051\src\input\layout\all_kbds\kbdneo2\objchk_wxp_x86\i386\kbdneo2.exp 
c:\winddk\6001.17051\src\input\layout\all_kbds\kbdneo2\objchk_wxp_x86\i386\kbdneo2.res 
c:\winddk\6001.17051\src\input\layout\all_kbds\kbdneo2\objchk_wxp_x86\i386\kbdneo2.obj 
c:\winddk\6001.17051\lib\wxp\i386\int64.lib 
c:\winddk\6001.17051\lib\wxp\i386\sehupd.lib 
